INFO: (function: run) Combine.cc: 712 -- Freezing the following parameters: 
INFO: (function: run) Combine.cc: 715  CMS_Wcb_boosted_tf_dataResidual_CR_Bin2 
INFO: (function: run) Combine.cc: 715  CMS_Wcb_boosted_tf_dataResidual_CR_Bin3 
INFO: (function: run) Combine.cc: 715  CMS_Wcb_boosted_tf_dataResidual_CR_Bin4 
INFO: (function: run) Combine.cc: 715  CMS_Wcb_boosted_tf_dataResidual_CR_Bin5 
INFO: (function: run) Combine.cc: 715  CMS_Wcb_boosted_tf_dataResidual_CR_Bin6 
INFO: (function: run) Combine.cc: 715  CMS_Wcb_boosted_tf_dataResidual_CR_Bin7 
INFO: (function: getNormalizations) FitDiagnostics.cc: 871 -- Generating toy data for evaluating per-bin uncertainties and covariances with post-fit nuisance parameters with 200 toys
INFO: (function: improveOnce) CascadeMinimizer.cc: 188 -- Minimisation configured with Type=Minuit2, Algo=Migrad, strategy=0, tolerance=0.1
INFO: (function: improveOnce) CascadeMinimizer.cc: 211 -- Minimisation finished with status=0
INFO: (function: improveOnce) CascadeMinimizer.cc: 216 -- Minimization success! status=0
INFO: (function: improveOnce) CascadeMinimizer.cc: 188 -- Minimisation configured with Type=Minuit2, Algo=Migrad, strategy=0, tolerance=0.1
INFO: (function: improveOnce) CascadeMinimizer.cc: 211 -- Minimisation finished with status=0
INFO: (function: improveOnce) CascadeMinimizer.cc: 216 -- Minimization success! status=0
INFO: (function: improveOnce) CascadeMinimizer.cc: 188 -- Minimisation configured with Type=Minuit2, Algo=Migrad, strategy=0, tolerance=0.1
INFO: (function: improveOnce) CascadeMinimizer.cc: 211 -- Minimisation finished with status=0
INFO: (function: improveOnce) CascadeMinimizer.cc: 216 -- Minimization success! status=0
INFO: (function: improveOnce) CascadeMinimizer.cc: 188 -- Minimisation configured with Type=Minuit2, Algo=Migrad, strategy=0, tolerance=0.1
INFO: (function: improveOnce) CascadeMinimizer.cc: 211 -- Minimisation finished with status=0
INFO: (function: improveOnce) CascadeMinimizer.cc: 216 -- Minimization success! status=0
ERROR: (function: runSpecific) [WARNING]: Unable to determine uncertainties on all fit parameters in b-only fit. Caution: by passing --ignoreCovWarning the shapes and uncertainties will be stored as configured via the command line despite this issue. Have a look at https://cms-analysis.github.io/HiggsAnalysis-CombinedLimit/part3/nonstandard/#fit-parameter-uncertainties for more information.
DEBUG: (function: runSpecific) FitDiagnostics.cc: 318 -- Fit B-only, status = 0, numBadNLL = 0, covariance quality = 2
INFO: (function: getNormalizations) FitDiagnostics.cc: 871 -- Generating toy data for evaluating per-bin uncertainties and covariances with post-fit nuisance parameters with 200 toys
INFO: (function: improveOnce) CascadeMinimizer.cc: 188 -- Minimisation configured with Type=Minuit2, Algo=Migrad, strategy=0, tolerance=0.1
INFO: (function: improveOnce) CascadeMinimizer.cc: 211 -- Minimisation finished with status=0
INFO: (function: improveOnce) CascadeMinimizer.cc: 216 -- Minimization success! status=0
INFO: (function: improveOnce) CascadeMinimizer.cc: 188 -- Minimisation configured with Type=Minuit2, Algo=Migrad, strategy=0, tolerance=0.1
INFO: (function: improveOnce) CascadeMinimizer.cc: 211 -- Minimisation finished with status=0
INFO: (function: improveOnce) CascadeMinimizer.cc: 216 -- Minimization success! status=0
INFO: (function: doFit) FitterAlgoBase.cc: 344 -- Running Minos for POI r
ERROR: (function: runSpecific) [WARNING]: Unable to determine uncertainties on all fit parameters in s+b fit. Caution: by passing --ignoreCovWarning the shapes and uncertainties will be stored as configured via the command line despite this issue. Have a look at https://cms-analysis.github.io/HiggsAnalysis-CombinedLimit/part3/nonstandard/#fit-parameter-uncertainties for more information.
DEBUG: (function: runSpecific) FitDiagnostics.cc: 443 -- Fit S+B, status = 0, numBadNLL = 0, covariance quality = 2
INFO: (function: getNormalizations) FitDiagnostics.cc: 871 -- Generating toy data for evaluating per-bin uncertainties and covariances with post-fit nuisance parameters with 200 toys
